# JRE version: OpenJDK Runtime Environment (17.0.10) (build 17.0.10+0--11609105)
# Java VM: OpenJDK 64-Bit Server VM (17.0.10+0--11609105, mixed mode, tiered, compressed oops, compressed class ptrs, g1 gc, windows-amd64)
GC Precious Log:
 CPUs: 8 total, 8 available
 Memory: 8022M
 Large Page Support: Disabled
 NUMA Support: Disabled
 Compressed Oops: Enabled (Zero based)
 Heap Region Size: 8M
 Heap Min Capacity: 8M
 Heap Initial Capacity: 128M
 Heap Max Capacity: 10G
 Pre-touch: Disabled
 Parallel Workers: 8
 Concurrent Workers: 2
 Concurrent Refinement Workers: 8
 Periodic GC: Disabled
Heap:
 garbage-first heap   total 1957888K, used 477006K [0x0000000580000000, 0x0000000800000000)
  region size 8192K, 5 young (40960K), 5 survivors (40960K)
 Metaspace       used 151611K, committed 152576K, reserved 1245184K
  class space    used 19812K, committed 20288K, reserved 1048576K
GC Heap History (20 events):
Event: 253.557 GC heap after
{Heap after GC invocations=111 (full 0):
 garbage-first heap   total 1294336K, used 335898K [0x0000000580000000, 0x0000000800000000)
  region size 8192K, 8 young (65536K), 8 survivors (65536K)
 Metaspace       used 151474K, committed 152384K, reserved 1245184K
  class space    used 19806K, committed 20224K, reserved 1048576K
}
Event: 257.453 GC heap before
{Heap before GC invocations=111 (full 0):
 garbage-first heap   total 1294336K, used 1032218K [0x0000000580000000, 0x0000000800000000)
  region size 8192K, 94 young (770048K), 8 survivors (65536K)
 Metaspace       used 151492K, committed 152384K, reserved 1245184K
  class space    used 19807K, committed 20224K, reserved 1048576K
}
Event: 257.702 GC heap after
{Heap after GC invocations=112 (full 0):
 garbage-first heap   total 1294336K, used 373675K [0x0000000580000000, 0x0000000800000000)
  region size 8192K, 11 young (90112K), 11 survivors (90112K)
 Metaspace       used 151492K, committed 152384K, reserved 1245184K
  class space    used 19807K, committed 20224K, reserved 1048576K
}
Event: 260.059 GC heap before
{Heap before GC invocations=112 (full 0):
 garbage-first heap   total 1294336K, used 996267K [0x0000000580000000, 0x0000000800000000)
  region size 8192K, 87 young (712704K), 11 survivors (90112K)
 Metaspace       used 151506K, committed 152384K, reserved 1245184K
  class space    used 19807K, committed 20224K, reserved 1048576K
}
Event: 260.336 GC heap after
{Heap after GC invocations=113 (full 0):
 garbage-first heap   total 1294336K, used 387826K [0x0000000580000000, 0x0000000800000000)
  region size 8192K, 5 young (40960K), 5 survivors (40960K)
 Metaspace       used 151506K, committed 152384K, reserved 1245184K
  class space    used 19807K, committed 20224K, reserved 1048576K
}
Event: 261.833 GC heap before
{Heap before GC invocations=113 (full 0):
 garbage-first heap   total 1294336K, used 1059570K [0x0000000580000000, 0x0000000800000000)
  region size 8192K, 87 young (712704K), 5 survivors (40960K)
 Metaspace       used 151508K, committed 152384K, reserved 1245184K
  class space    used 19807K, committed 20224K, reserved 1048576K
}
Event: 261.908 GC heap after
{Heap after GC invocations=114 (full 0):
 garbage-first heap   total 1294336K, used 392226K [0x0000000580000000, 0x0000000800000000)
  region size 8192K, 6 young (49152K), 6 survivors (49152K)
 Metaspace       used 151508K, committed 152384K, reserved 1245184K
  class space    used 19807K, committed 20224K, reserved 1048576K
}
Event: 263.598 GC heap before
{Heap before GC invocations=114 (full 0):
 garbage-first heap   total 1294336K, used 1063970K [0x0000000580000000, 0x0000000800000000)
  region size 8192K, 89 young (729088K), 6 survivors (49152K)
 Metaspace       used 151526K, committed 152448K, reserved 1245184K
  class space    used 19807K, committed 20224K, reserved 1048576K
}
Event: 263.680 GC heap after
{Heap after GC invocations=115 (full 0):
 garbage-first heap   total 1957888K, used 401399K [0x0000000580000000, 0x0000000800000000)
  region size 8192K, 7 young (57344K), 7 survivors (57344K)
 Metaspace       used 151526K, committed 152448K, reserved 1245184K
  class space    used 19807K, committed 20224K, reserved 1048576K
}
Event: 272.726 GC heap before
{Heap before GC invocations=115 (full 0):
 garbage-first heap   total 1957888K, used 1507319K [0x0000000580000000, 0x0000000800000000)
  region size 8192K, 143 young (1171456K), 7 survivors (57344K)
 Metaspace       used 151576K, committed 152512K, reserved 1245184K
  class space    used 19810K, committed 20288K, reserved 1048576K
}
Event: 273.184 GC heap after
{Heap after GC invocations=116 (full 0):
 garbage-first heap   total 1957888K, used 419392K [0x0000000580000000, 0x0000000800000000)
  region size 8192K, 9 young (73728K), 9 survivors (73728K)
 Metaspace       used 151576K, committed 152512K, reserved 1245184K
  class space    used 19810K, committed 20288K, reserved 1048576K
}
Event: 273.298 GC heap before
{Heap before GC invocations=116 (full 0):
 garbage-first heap   total 1957888K, used 435776K [0x0000000580000000, 0x0000000800000000)
  region size 8192K, 11 young (90112K), 9 survivors (73728K)
 Metaspace       used 151576K, committed 152512K, reserved 1245184K
  class space    used 19810K, committed 20288K, reserved 1048576K
}
Event: 274.275 GC heap after
{Heap after GC invocations=117 (full 0):
 garbage-first heap   total 1957888K, used 425284K [0x0000000580000000, 0x0000000800000000)
  region size 8192K, 2 young (16384K), 2 survivors (16384K)
 Metaspace       used 151576K, committed 152512K, reserved 1245184K
  class space    used 19810K, committed 20288K, reserved 1048576K
}
Event: 276.537 GC heap before
{Heap before GC invocations=117 (full 0):
 garbage-first heap   total 1957888K, used 695620K [0x0000000580000000, 0x0000000800000000)
  region size 8192K, 36 young (294912K), 2 survivors (16384K)
 Metaspace       used 151579K, committed 152576K, reserved 1245184K
  class space    used 19810K, committed 20288K, reserved 1048576K
}
Event: 276.557 GC heap after
{Heap after GC invocations=118 (full 0):
 garbage-first heap   total 1957888K, used 421186K [0x0000000580000000, 0x0000000800000000)
  region size 8192K, 1 young (8192K), 1 survivors (8192K)
 Metaspace       used 151579K, committed 152576K, reserved 1245184K
  class space    used 19810K, committed 20288K, reserved 1048576K
}
Event: 283.403 GC heap before
{Heap before GC invocations=118 (full 0):
 garbage-first heap   total 1957888K, used 1060162K [0x0000000580000000, 0x0000000800000000)
  region size 8192K, 80 young (655360K), 1 survivors (8192K)
 Metaspace       used 151607K, committed 152576K, reserved 1245184K
  class space    used 19812K, committed 20288K, reserved 1048576K
}
Event: 283.469 GC heap after
{Heap after GC invocations=119 (full 0):
 garbage-first heap   total 1957888K, used 453565K [0x0000000580000000, 0x0000000800000000)
  region size 8192K, 5 young (40960K), 5 survivors (40960K)
 Metaspace       used 151607K, committed 152576K, reserved 1245184K
  class space    used 19812K, committed 20288K, reserved 1048576K
}
Event: 284.486 GC heap before
{Heap before GC invocations=119 (full 0):
 garbage-first heap   total 1957888K, used 551869K [0x0000000580000000, 0x0000000800000000)
  region size 8192K, 17 young (139264K), 5 survivors (40960K)
 Metaspace       used 151608K, committed 152576K, reserved 1245184K
  class space    used 19812K, committed 20288K, reserved 1048576K
}
Event: 284.613 GC heap after
{Heap after GC invocations=120 (full 0):
 garbage-first heap   total 1957888K, used 452159K [0x0000000580000000, 0x0000000800000000)
  region size 8192K, 1 young (8192K), 1 survivors (8192K)
 Metaspace       used 151608K, committed 152576K, reserved 1245184K
  class space    used 19812K, committed 20288K, reserved 1048576K
}
Event: 286.743 GC heap before
{Heap before GC invocations=120 (full 0):
 garbage-first heap   total 1957888K, used 1082943K [0x0000000580000000, 0x0000000800000000)
  region size 8192K, 78 young (638976K), 1 survivors (8192K)
 Metaspace       used 151611K, committed 152576K, reserved 1245184K
  class space    used 19812K, committed 20288K, reserved 1048576K
}

